Build started 1/22/2011 3:19:45 PM.
     1>Project "D:\Justin\projects\dev\jrl-software\filesort\trunk\filesort\filesort.vcxproj" on node 2 (rebuild target(s)).
     1>_PrepareForClean:
         Deleting file "x64\Release\filesort.lastbuildstate".
       InitializeBuildStatus:
         Creating "x64\Release\filesort.unsuccessfulbuild" because "AlwaysCreate" was specified.
       ClCompile:
         C:\Program Files (x86)\Microsoft Visual Studio 10.0\VC\bin\x86_amd64\CL.exe /c /Zi /nologo /W1 /WX- /O2 /Gm- /EHsc /MD /GS /fp:precise /Zc:wchar_t /Zc:forScope /Fo"x64\Release\\" /Fd"x64\Release\vc100.pdb" /Gd /TP /errorReport:prompt DisplayMessages.cpp FileSort.cpp main.cpp ObjectCreator.cpp
         DisplayMessages.cpp
         FileSort.cpp
         main.cpp
         ObjectCreator.cpp
         Generating Code...
       Link:
         C:\Program Files (x86)\Microsoft Visual Studio 10.0\VC\bin\x86_amd64\link.exe /ERRORREPORT:PROMPT /OUT:"D:\Justin\projects\dev\jrl-software\filesort\trunk\x64\Release\filesort.exe" /NOLOGO kernel32.lib user32.lib gdi32.lib winspool.lib comdlg32.lib advapi32.lib shell32.lib ole32.lib oleaut32.lib uuid.lib odbc32.lib odbccp32.lib /MANIFEST /ManifestFile:"x64\Release\filesort.exe.intermediate.manifest" /MANIFESTUAC:"level='asInvoker' uiAccess='false'" /PDB:"D:\Justin\projects\dev\jrl-software\filesort\trunk\x64\Release\filesort.pdb" /TLBID:1 /DYNAMICBASE /NXCOMPAT /IMPLIB:"D:\Justin\projects\dev\jrl-software\filesort\trunk\x64\Release\filesort.lib" /MACHINE:X64 x64\Release\DisplayMessages.obj
         x64\Release\FileSort.obj
         x64\Release\main.obj
         x64\Release\ObjectCreator.obj
         filesort.vcxproj -> D:\Justin\projects\dev\jrl-software\filesort\trunk\x64\Release\filesort.exe
       Manifest:
         C:\Program Files (x86)\Microsoft SDKs\Windows\v7.0A\bin\mt.exe /nologo /verbose /outputresource:"D:\Justin\projects\dev\jrl-software\filesort\trunk\x64\Release\filesort.exe;#1" /manifest x64\Release\filesort.exe.intermediate.manifest
       FinalizeBuildStatus:
         Deleting file "x64\Release\filesort.unsuccessfulbuild".
         Touching "x64\Release\filesort.lastbuildstate".
     1>Done Building Project "D:\Justin\projects\dev\jrl-software\filesort\trunk\filesort\filesort.vcxproj" (rebuild target(s)).

Build succeeded.

Time Elapsed 00:00:02.06
